{"level":"info","message":"Connected to MongoDB","timestamp":"2024-10-13T18:23:14.811Z"}
{"level":"info","message":"Incoming request: GET: /user","timestamp":"2024-10-13T18:23:26.230Z"}
{"level":"info","message":"Incoming request: GET: /","timestamp":"2024-10-13T18:23:45.760Z"}
{"level":"info","message":"Connected to MongoDB","timestamp":"2024-10-13T18:52:06.216Z"}
{"level":"info","message":"Incoming request: GET: /","timestamp":"2024-10-13T18:52:21.184Z"}
{"level":"info","message":"Incoming request: GET: /user","timestamp":"2024-10-13T18:52:30.231Z"}
{"level":"info","message":"Incoming request: POST: /register","timestamp":"2024-10-13T18:52:55.116Z"}
{"level":"info","message":"Incoming request: POST: /login","timestamp":"2024-10-13T18:53:22.343Z"}
{"level":"info","message":"Incoming request: POST: /login","timestamp":"2024-10-13T18:53:29.298Z"}
{"level":"info","message":"Incoming request: POST: /login","timestamp":"2024-10-13T18:53:37.364Z"}
{"level":"info","message":"Incoming request: PUT: /forgotpassword","timestamp":"2024-10-13T18:54:09.855Z"}
{"level":"info","message":"Incoming request: PUT: /forgotpassword","timestamp":"2024-10-13T18:54:44.032Z"}
{"level":"info","message":"Incoming request: POST: /login","timestamp":"2024-10-13T18:54:58.089Z"}
{"level":"info","message":"Incoming request: POST: /login","timestamp":"2024-10-13T18:55:04.300Z"}
{"level":"info","message":"Incoming request: POST: /login","timestamp":"2024-10-13T18:55:07.047Z"}
{"level":"info","message":"Incoming request: POST: /login","timestamp":"2024-10-13T18:55:15.432Z"}
{"level":"info","message":"Incoming request: DELETE: /login","timestamp":"2024-10-13T18:55:35.711Z"}
{"level":"info","message":"Incoming request: DELETE: /delete","timestamp":"2024-10-13T18:55:46.922Z"}
{"level":"info","message":"Incoming request: GET: /users","timestamp":"2024-10-13T18:56:44.962Z"}
{"level":"info","message":"Incoming request: GET: /user","timestamp":"2024-10-13T18:56:51.985Z"}
{"level":"info","message":"Incoming request: PUT: /changepassword","timestamp":"2024-10-13T18:58:03.840Z"}
{"level":"info","message":"Incoming request: PUT: /forgotpassword","timestamp":"2024-10-13T18:58:24.228Z"}
{"level":"info","message":"Incoming request: PUT: /forgotpassword","timestamp":"2024-10-13T18:58:31.367Z"}
{"level":"info","message":"Connected to MongoDB","timestamp":"2024-10-13T19:05:10.559Z"}
{"level":"info","message":"Incoming request: GET: /user","timestamp":"2024-10-13T19:05:18.888Z"}
{"level":"info","message":"Incoming request: POST: /register","timestamp":"2024-10-13T19:05:26.475Z"}
{"level":"info","message":"Incoming request: POST: /login","timestamp":"2024-10-13T19:05:37.027Z"}
{"level":"info","message":"Incoming request: POST: /login","timestamp":"2024-10-13T19:05:40.288Z"}
{"level":"info","message":"Incoming request: POST: /login","timestamp":"2024-10-13T19:05:41.730Z"}
{"level":"info","message":"Incoming request: PUT: /forgotpassword","timestamp":"2024-10-13T19:05:51.560Z"}
{"level":"info","message":"Incoming request: PUT: /forgotpassword","timestamp":"2024-10-13T19:05:55.930Z"}
{"level":"info","message":"Incoming request: PUT: /forgotpassword","timestamp":"2024-10-13T19:06:01.328Z"}
{"level":"info","message":"Connected to MongoDB","timestamp":"2024-10-13T19:11:23.692Z"}
{"level":"info","message":"Incoming request: POST: /register","timestamp":"2024-10-13T19:11:42.433Z"}
{"level":"info","message":"Incoming request: POST: /login","timestamp":"2024-10-13T19:11:47.496Z"}
{"level":"info","message":"Incoming request: PUT: /login","timestamp":"2024-10-13T19:11:52.898Z"}
{"level":"info","message":"Incoming request: PUT: /forgotpassword","timestamp":"2024-10-13T19:11:58.677Z"}
{"level":"info","message":"Incoming request: PUT: /forgotpassword","timestamp":"2024-10-13T19:12:00.813Z"}
{"level":"info","message":"Incoming request: PUT: /forgotpassword","timestamp":"2024-10-13T19:12:02.023Z"}
{"level":"info","message":"Incoming request: DELETE: /delete","timestamp":"2024-10-13T19:12:08.968Z"}
{"level":"info","message":"Incoming request: POST: /login","timestamp":"2024-10-13T19:13:44.441Z"}
{"level":"info","message":"Incoming request: POST: /register","timestamp":"2024-10-13T19:13:50.633Z"}
{"level":"info","message":"Incoming request: POST: /login","timestamp":"2024-10-13T19:13:57.696Z"}
{"level":"info","message":"Incoming request: PUT: /forgotpassword","timestamp":"2024-10-13T19:14:14.458Z"}
{"level":"info","message":"Incoming request: PUT: /forgotpassword","timestamp":"2024-10-13T19:14:17.561Z"}
{"level":"info","message":"Incoming request: DELETE: /delete","timestamp":"2024-10-13T19:14:29.588Z"}
{"level":"info","message":"Incoming request: POST: /login","timestamp":"2024-10-13T19:14:39.138Z"}
{"level":"info","message":"Incoming request: POST: /user","timestamp":"2024-10-13T19:14:50.735Z"}
{"level":"info","message":"Incoming request: GET: /user","timestamp":"2024-10-13T19:14:57.535Z"}
{"level":"info","message":"Incoming request: GET: /user","timestamp":"2024-10-13T19:15:29.200Z"}
{"level":"info","message":"Incoming request: GET: /user","timestamp":"2024-10-13T19:15:52.748Z"}
{"level":"info","message":"Incoming request: GET: /users","timestamp":"2024-10-13T19:16:02.261Z"}
{"level":"info","message":"Incoming request: GET: /users?page=2&limit=4","timestamp":"2024-10-13T19:16:56.411Z"}
{"level":"info","message":"Incoming request: PUT: /forgotpassword","timestamp":"2024-10-13T19:19:35.016Z"}
{"level":"info","message":"Incoming request: PUT: /forgotpassword","timestamp":"2024-10-13T19:19:45.202Z"}
{"level":"info","message":"Incoming request: PUT: /forgotpassword","timestamp":"2024-10-13T19:19:46.569Z"}
{"level":"info","message":"Incoming request: POST: /register","timestamp":"2024-10-13T19:19:54.753Z"}
{"level":"info","message":"Incoming request: PUT: /forgotpassword","timestamp":"2024-10-13T19:20:01.452Z"}
{"level":"info","message":"Incoming request: PUT: /forgotpassword","timestamp":"2024-10-13T19:20:04.747Z"}
{"level":"info","message":"Incoming request: PUT: /forgotpassword","timestamp":"2024-10-13T19:20:05.924Z"}
{"level":"info","message":"Incoming request: PUT: /forgotpassword","timestamp":"2024-10-13T19:20:11.846Z"}
{"level":"info","message":"Incoming request: PUT: /forgotpassword","timestamp":"2024-10-13T19:20:16.590Z"}
{"level":"info","message":"Incoming request: PUT: /forgotpassword","timestamp":"2024-10-13T19:20:25.746Z"}
